[INFO ] 2023-11-12 21:14:04.552 [main] Mouse - Mouse is configurable
[INFO ] 2023-11-12 21:14:04.562 [main] Mouse - Mouse is configurable
[INFO ] 2023-11-12 21:14:04.575 [main] ComputerInventoryManager - 10 Apple MacBook M1 added to branch Nissei Asunción: Avenida España 1261
[INFO ] 2023-11-12 21:14:04.576 [main] ComputerInventoryManager - 20 Apple MacBook M40 added to branch Nissei Asunción: Avenida España 1261
[INFO ] 2023-11-12 21:14:04.576 [main] Main - Inventory by Branch:
[INFO ] 2023-11-12 21:14:04.576 [main] ComputerInventoryManager - 
[INFO ] 2023-11-12 21:14:04.576 [main] ComputerInventoryManager - Starting displayInventoryByBranch...
[INFO ] 2023-11-12 21:14:04.576 [main] ComputerInventoryManager - 
[INFO ] 2023-11-12 21:14:04.589 [main] ComputerInventoryManager - Inventory of branch Nissei Asunción: Avenida España 1261:
[INFO ] 2023-11-12 21:14:04.591 [main] ComputerInventoryManager - -> 10 units of computer brand Apple and model MacBook M1
[INFO ] 2023-11-12 21:14:04.591 [main] ComputerInventoryManager - -> 20 units of computer brand Apple and model MacBook M40
[INFO ] 2023-11-12 21:14:04.591 [main] ComputerInventoryManager - 
[INFO ] 2023-11-12 21:14:04.591 [main] ComputerInventoryManager - Finished displayInventoryByBranch.
[INFO ] 2023-11-12 21:14:04.592 [main] ComputerInventoryManager - Stock updated for computer Apple MacBook M1 in branch Nissei Asunción: Avenida España 1261. New quantity: 5
[INFO ] 2023-11-12 21:14:04.592 [main] Main - Stock of MacBook M1 updated in Nissei Asunción.
[INFO ] 2023-11-12 21:14:04.592 [main] Main - Updated Inventory by Branch:
[INFO ] 2023-11-12 21:14:04.592 [main] ComputerInventoryManager - 
[INFO ] 2023-11-12 21:14:04.593 [main] ComputerInventoryManager - Starting displayInventoryByBranch...
[INFO ] 2023-11-12 21:14:04.593 [main] ComputerInventoryManager - 
[INFO ] 2023-11-12 21:14:04.593 [main] ComputerInventoryManager - Inventory of branch Nissei Asunción: Avenida España 1261:
[INFO ] 2023-11-12 21:14:04.593 [main] ComputerInventoryManager - -> 5 units of computer brand Apple and model MacBook M1
[INFO ] 2023-11-12 21:14:04.594 [main] ComputerInventoryManager - -> 20 units of computer brand Apple and model MacBook M40
[INFO ] 2023-11-12 21:14:04.594 [main] ComputerInventoryManager - 
[INFO ] 2023-11-12 21:14:04.594 [main] ComputerInventoryManager - Finished displayInventoryByBranch.
[INFO ] 2023-11-12 21:14:04.594 [main] Main - Inventory by Brand and Model (Apple):
[INFO ] 2023-11-12 21:14:04.594 [main] ComputerInventoryManager - 
[INFO ] 2023-11-12 21:14:04.595 [main] ComputerInventoryManager - Starting displayInventoryByBrandAndModel for brand Apple...
[INFO ] 2023-11-12 21:14:04.595 [main] ComputerInventoryManager - 
[INFO ] 2023-11-12 21:14:04.595 [main] ComputerInventoryManager - Inventory of computers for brand Apple:
[INFO ] 2023-11-12 21:14:04.597 [main] ComputerInventoryManager - -> 5 units of model MacBook M1
[INFO ] 2023-11-12 21:14:04.598 [main] ComputerInventoryManager - -> 20 units of model MacBook M40
[INFO ] 2023-11-12 21:14:04.598 [main] ComputerInventoryManager - Stock of Apple MacBook M1 in Nissei Asunción: Avenida España 1261: 5
[INFO ] 2023-11-12 21:14:04.598 [main] Main - Stock of MacBook M1 in Nissei Asunción: 5
[INFO ] 2023-11-12 21:14:04.599 [main] ComputerInventoryManager - Computer Apple MacBook M1 removed from branch Nissei Asunción: Avenida España 1261. Entire stock removed. Remaining stock: 0
[INFO ] 2023-11-12 21:14:04.599 [main] Main - MacBook M1 deleted from Nissei Asunción.
[INFO ] 2023-11-12 21:14:04.600 [main] Main - Inventory by Branch after Deletion:
[INFO ] 2023-11-12 21:14:04.600 [main] ComputerInventoryManager - 
[INFO ] 2023-11-12 21:14:04.601 [main] ComputerInventoryManager - Starting displayInventoryByBranch...
[INFO ] 2023-11-12 21:14:04.601 [main] ComputerInventoryManager - 
[INFO ] 2023-11-12 21:14:04.601 [main] ComputerInventoryManager - Inventory of branch Nissei Asunción: Avenida España 1261:
[INFO ] 2023-11-12 21:14:04.601 [main] ComputerInventoryManager - -> 20 units of computer brand Apple and model MacBook M40
[INFO ] 2023-11-12 21:14:04.602 [main] ComputerInventoryManager - 
[INFO ] 2023-11-12 21:14:04.602 [main] ComputerInventoryManager - Finished displayInventoryByBranch.
